app/build/intermediates/manifest_merge_blame_file/debug/manifest-merger-blame-debug-report.txt
1<?xml version="1.0" encoding="utf-8"?>
2<manifest xmlns:android="http://schemas.android.com/apk/res/android"
3    package="com.csc190.bookbazaar"
4    android:versionCode="1"
5    android:versionName="1.0" >
6
7    <uses-sdk
7-->src/main/AndroidManifest.xml:6:5-9:11
8        android:maxSdkVersion="30"
8-->src/main/AndroidManifest.xml:7:17-43
9        android:minSdkVersion="21"
9-->src/main/AndroidManifest.xml:6:15-41
10        android:targetSdkVersion="30" />
10-->src/main/AndroidManifest.xml:8:13-42
11
12    <uses-permission android:name="android.permission.INTERNET" />
12-->src/main/AndroidManifest.xml:5:5-66
12-->src/main/AndroidManifest.xml:5:22-64
13    <!-- Although the *SdkVersion is captured in gradle build files, this is required for non gradle builds -->
14    <!-- <uses-sdk android:minSdkVersion="14"/> -->
15    <uses-permission android:name="android.permission.ACCESS_NETWORK_STATE" />
15-->[com.google.firebase:firebase-database:19.5.1] AndroidManifest.xml:25:5-79
15-->[com.google.firebase:firebase-database:19.5.1] AndroidManifest.xml:25:22-76
16    <uses-permission android:name="android.permission.WAKE_LOCK" />
16-->[com.google.android.gms:play-services-measurement-api:18.0.0] AndroidManifest.xml:24:5-68
16-->[com.google.android.gms:play-services-measurement-api:18.0.0] AndroidManifest.xml:24:22-65
17    <uses-permission android:name="com.google.android.finsky.permission.BIND_GET_INSTALL_REFERRER_SERVICE" />
17-->[com.google.android.gms:play-services-measurement:18.0.0] AndroidManifest.xml:26:5-110
17-->[com.google.android.gms:play-services-measurement:18.0.0] AndroidManifest.xml:26:22-107
18
19    <application
19-->src/main/AndroidManifest.xml:11:5-36:19
20        android:allowBackup="true"
20-->src/main/AndroidManifest.xml:12:9-35
21        android:appComponentFactory="androidx.core.app.CoreComponentFactory"
21-->[androidx.core:core:1.3.1] AndroidManifest.xml:24:18-86
22        android:debuggable="true"
23        android:fullBackupContent="true"
23-->src/main/AndroidManifest.xml:13:9-41
24        android:icon="@mipmap/ic_launcher"
24-->src/main/AndroidManifest.xml:14:9-43
25        android:label="@string/app_name"
25-->src/main/AndroidManifest.xml:15:9-41
26        android:roundIcon="@mipmap/ic_launcher_round"
26-->src/main/AndroidManifest.xml:16:9-54
27        android:supportsRtl="true"
27-->src/main/AndroidManifest.xml:17:9-35
28        android:testOnly="true"
29        android:theme="@style/AppTheme" >
29-->src/main/AndroidManifest.xml:18:9-40
30        <activity android:name="com.csc190.bookbazaar.Starred" />
30-->src/main/AndroidManifest.xml:20:9-44
30-->src/main/AndroidManifest.xml:20:19-42
31        <activity android:name="com.csc190.bookbazaar.my_listing" />
31-->src/main/AndroidManifest.xml:21:9-47
31-->src/main/AndroidManifest.xml:21:19-45
32        <activity android:name="com.csc190.bookbazaar.Profile" />
32-->src/main/AndroidManifest.xml:22:9-44
32-->src/main/AndroidManifest.xml:22:19-42
33        <activity android:name="com.csc190.bookbazaar.EditProfile" />
33-->src/main/AndroidManifest.xml:23:9-48
33-->src/main/AndroidManifest.xml:23:19-46
34        <activity android:name="com.csc190.bookbazaar.SearchResults" />
34-->src/main/AndroidManifest.xml:24:9-50
34-->src/main/AndroidManifest.xml:24:19-48
35        <activity android:name="com.csc190.bookbazaar.SpecificTextbook" />
35-->src/main/AndroidManifest.xml:25:9-53
35-->src/main/AndroidManifest.xml:25:19-51
36        <activity android:name="com.csc190.bookbazaar.AddBook" />
36-->src/main/AndroidManifest.xml:26:9-44
36-->src/main/AndroidManifest.xml:26:19-42
37        <activity android:name="com.csc190.bookbazaar.Registration" />
37-->src/main/AndroidManifest.xml:27:9-50
37-->src/main/AndroidManifest.xml:27:19-47
38        <activity android:name="com.csc190.bookbazaar.Home" />
38-->src/main/AndroidManifest.xml:28:9-42
38-->src/main/AndroidManifest.xml:28:19-39
39        <activity android:name="com.csc190.bookbazaar.Login" >
39-->src/main/AndroidManifest.xml:29:9-35:20
39-->src/main/AndroidManifest.xml:29:19-40
40            <intent-filter>
40-->src/main/AndroidManifest.xml:30:13-34:29
41                <action android:name="android.intent.action.MAIN" />
41-->src/main/AndroidManifest.xml:31:17-69
41-->src/main/AndroidManifest.xml:31:25-66
42
43                <category android:name="android.intent.category.LAUNCHER" />
43-->src/main/AndroidManifest.xml:33:17-77
43-->src/main/AndroidManifest.xml:33:27-74
44            </intent-filter>
45        </activity>
46
47        <service
47-->[com.google.firebase:firebase-database:19.5.1] AndroidManifest.xml:29:9-35:19
48            android:name="com.google.firebase.components.ComponentDiscoveryService"
48-->[com.google.firebase:firebase-database:19.5.1] AndroidManifest.xml:30:13-84
49            android:directBootAware="true"
49-->[com.google.firebase:firebase-common:19.3.1] AndroidManifest.xml:35:13-43
50            android:exported="false" >
50-->[com.google.firebase:firebase-database:19.5.1] AndroidManifest.xml:31:13-37
51            <meta-data
51-->[com.google.firebase:firebase-database:19.5.1] AndroidManifest.xml:32:13-34:85
52                android:name="com.google.firebase.components:com.google.firebase.database.DatabaseRegistrar"
52-->[com.google.firebase:firebase-database:19.5.1] AndroidManifest.xml:33:17-109
53                android:value="com.google.firebase.components.ComponentRegistrar" />
53-->[com.google.firebase:firebase-database:19.5.1] AndroidManifest.xml:34:17-82
54            <meta-data
54-->[com.google.firebase:firebase-firestore:22.0.0] AndroidManifest.xml:20:13-22:85
55                android:name="com.google.firebase.components:com.google.firebase.firestore.FirestoreRegistrar"
55-->[com.google.firebase:firebase-firestore:22.0.0] AndroidManifest.xml:21:17-111
56                android:value="com.google.firebase.components.ComponentRegistrar" />
56-->[com.google.firebase:firebase-firestore:22.0.0] AndroidManifest.xml:22:17-82
57            <meta-data
57-->[com.google.firebase:firebase-auth:20.0.0] AndroidManifest.xml:85:13-87:85
58                android:name="com.google.firebase.components:com.google.firebase.auth.FirebaseAuthRegistrar"
58-->[com.google.firebase:firebase-auth:20.0.0] AndroidManifest.xml:86:17-109
59                android:value="com.google.firebase.components.ComponentRegistrar" />
59-->[com.google.firebase:firebase-auth:20.0.0] AndroidManifest.xml:87:17-82
60            <meta-data
60-->[com.google.android.gms:play-services-measurement-api:18.0.0] AndroidManifest.xml:30:13-32:85
61                android:name="com.google.firebase.components:com.google.firebase.analytics.connector.internal.AnalyticsConnectorRegistrar"
61-->[com.google.android.gms:play-services-measurement-api:18.0.0] AndroidManifest.xml:31:17-139
62                android:value="com.google.firebase.components.ComponentRegistrar" />
62-->[com.google.android.gms:play-services-measurement-api:18.0.0] AndroidManifest.xml:32:17-82
63            <meta-data
63-->[com.google.firebase:firebase-installations:16.3.3] AndroidManifest.xml:17:13-19:85
64                android:name="com.google.firebase.components:com.google.firebase.installations.FirebaseInstallationsRegistrar"
64-->[com.google.firebase:firebase-installations:16.3.3] AndroidManifest.xml:18:17-127
65                android:value="com.google.firebase.components.ComponentRegistrar" />
65-->[com.google.firebase:firebase-installations:16.3.3] AndroidManifest.xml:19:17-82
66        </service>
67
68        <activity
68-->[com.google.firebase:firebase-auth:20.0.0] AndroidManifest.xml:27:9-34:50
69            android:name="com.google.firebase.auth.internal.FederatedSignInActivity"
69-->[com.google.firebase:firebase-auth:20.0.0] AndroidManifest.xml:28:13-85
70            android:excludeFromRecents="true"
70-->[com.google.firebase:firebase-auth:20.0.0] AndroidManifest.xml:29:13-46
71            android:exported="true"
71-->[com.google.firebase:firebase-auth:20.0.0] AndroidManifest.xml:30:13-36
72            android:launchMode="singleTask"
72-->[com.google.firebase:firebase-auth:20.0.0] AndroidManifest.xml:31:13-44
73            android:permission="com.google.firebase.auth.api.gms.permission.LAUNCH_FEDERATED_SIGN_IN"
73-->[com.google.firebase:firebase-auth:20.0.0] AndroidManifest.xml:32:13-102
74            android:theme="@android:style/Theme.Translucent.NoTitleBar" />
74-->[com.google.firebase:firebase-auth:20.0.0] AndroidManifest.xml:33:13-72
75        <activity
75-->[com.google.firebase:firebase-auth:20.0.0] AndroidManifest.xml:35:9-52:20
76            android:name="com.google.firebase.auth.internal.GenericIdpActivity"
76-->[com.google.firebase:firebase-auth:20.0.0] AndroidManifest.xml:36:13-80
77            android:excludeFromRecents="true"
77-->[com.google.firebase:firebase-auth:20.0.0] AndroidManifest.xml:37:13-46
78            android:exported="true"
78-->[com.google.firebase:firebase-auth:20.0.0] AndroidManifest.xml:38:13-36
79            android:launchMode="singleTask"
79-->[com.google.firebase:firebase-auth:20.0.0] AndroidManifest.xml:39:13-44
80            android:theme="@android:style/Theme.Translucent.NoTitleBar" >
80-->[com.google.firebase:firebase-auth:20.0.0] AndroidManifest.xml:40:13-72
81            <intent-filter>
81-->[com.google.firebase:firebase-auth:20.0.0] AndroidManifest.xml:41:13-51:29
82                <action android:name="android.intent.action.VIEW" />
82-->[com.google.firebase:firebase-auth:20.0.0] AndroidManifest.xml:42:17-69
82-->[com.google.firebase:firebase-auth:20.0.0] AndroidManifest.xml:42:25-66
83
84                <category android:name="android.intent.category.DEFAULT" />
84-->[com.google.firebase:firebase-auth:20.0.0] AndroidManifest.xml:44:17-76
84-->[com.google.firebase:firebase-auth:20.0.0] AndroidManifest.xml:44:27-73
85                <category android:name="android.intent.category.BROWSABLE" />
85-->[com.google.firebase:firebase-auth:20.0.0] AndroidManifest.xml:45:17-78
85-->[com.google.firebase:firebase-auth:20.0.0] AndroidManifest.xml:45:27-75
86
87                <data
87-->[com.google.firebase:firebase-auth:20.0.0] AndroidManifest.xml:47:17-50:51
88                    android:host="firebase.auth"
88-->[com.google.firebase:firebase-auth:20.0.0] AndroidManifest.xml:48:21-49
89                    android:path="/"
89-->[com.google.firebase:firebase-auth:20.0.0] AndroidManifest.xml:49:21-37
90                    android:scheme="genericidp" />
90-->[com.google.firebase:firebase-auth:20.0.0] AndroidManifest.xml:50:21-48
91            </intent-filter>
92        </activity>
93        <activity
93-->[com.google.firebase:firebase-auth:20.0.0] AndroidManifest.xml:53:9-70:20
94            android:name="com.google.firebase.auth.internal.RecaptchaActivity"
94-->[com.google.firebase:firebase-auth:20.0.0] AndroidManifest.xml:54:13-79
95            android:excludeFromRecents="true"
95-->[com.google.firebase:firebase-auth:20.0.0] AndroidManifest.xml:55:13-46
96            android:exported="true"
96-->[com.google.firebase:firebase-auth:20.0.0] AndroidManifest.xml:56:13-36
97            android:launchMode="singleTask"
97-->[com.google.firebase:firebase-auth:20.0.0] AndroidManifest.xml:57:13-44
98            android:theme="@android:style/Theme.Translucent.NoTitleBar" >
98-->[com.google.firebase:firebase-auth:20.0.0] AndroidManifest.xml:58:13-72
99            <intent-filter>
99-->[com.google.firebase:firebase-auth:20.0.0] AndroidManifest.xml:59:13-69:29
100                <action android:name="android.intent.action.VIEW" />
100-->[com.google.firebase:firebase-auth:20.0.0] AndroidManifest.xml:42:17-69
100-->[com.google.firebase:firebase-auth:20.0.0] AndroidManifest.xml:42:25-66
101
102                <category android:name="android.intent.category.DEFAULT" />
102-->[com.google.firebase:firebase-auth:20.0.0] AndroidManifest.xml:44:17-76
102-->[com.google.firebase:firebase-auth:20.0.0] AndroidManifest.xml:44:27-73
103                <category android:name="android.intent.category.BROWSABLE" />
103-->[com.google.firebase:firebase-auth:20.0.0] AndroidManifest.xml:45:17-78
103-->[com.google.firebase:firebase-auth:20.0.0] AndroidManifest.xml:45:27-75
104
105                <data
105-->[com.google.firebase:firebase-auth:20.0.0] AndroidManifest.xml:47:17-50:51
106                    android:host="firebase.auth"
106-->[com.google.firebase:firebase-auth:20.0.0] AndroidManifest.xml:48:21-49
107                    android:path="/"
107-->[com.google.firebase:firebase-auth:20.0.0] AndroidManifest.xml:49:21-37
108                    android:scheme="recaptcha" />
108-->[com.google.firebase:firebase-auth:20.0.0] AndroidManifest.xml:50:21-48
109            </intent-filter>
110        </activity>
111
112        <service
112-->[com.google.firebase:firebase-auth:20.0.0] AndroidManifest.xml:72:9-81:19
113            android:name="com.google.firebase.auth.api.fallback.service.FirebaseAuthFallbackService"
113-->[com.google.firebase:firebase-auth:20.0.0] AndroidManifest.xml:73:13-101
114            android:enabled="true"
114-->[com.google.firebase:firebase-auth:20.0.0] AndroidManifest.xml:74:13-35
115            android:exported="false" >
115-->[com.google.firebase:firebase-auth:20.0.0] AndroidManifest.xml:75:13-37
116            <intent-filter>
116-->[com.google.firebase:firebase-auth:20.0.0] AndroidManifest.xml:76:13-80:29
117                <action android:name="com.google.firebase.auth.api.gms.service.START" />
117-->[com.google.firebase:firebase-auth:20.0.0] AndroidManifest.xml:77:17-89
117-->[com.google.firebase:firebase-auth:20.0.0] AndroidManifest.xml:77:25-86
118
119                <category android:name="android.intent.category.DEFAULT" />
119-->[com.google.firebase:firebase-auth:20.0.0] AndroidManifest.xml:44:17-76
119-->[com.google.firebase:firebase-auth:20.0.0] AndroidManifest.xml:44:27-73
120            </intent-filter>
121        </service>
122
123        <activity
123-->[com.google.android.gms:play-services-auth:18.1.0] AndroidManifest.xml:23:9-27:75
124            android:name="com.google.android.gms.auth.api.signin.internal.SignInHubActivity"
124-->[com.google.android.gms:play-services-auth:18.1.0] AndroidManifest.xml:24:13-93
125            android:excludeFromRecents="true"
125-->[com.google.android.gms:play-services-auth:18.1.0] AndroidManifest.xml:25:13-46
126            android:exported="false"
126-->[com.google.android.gms:play-services-auth:18.1.0] AndroidManifest.xml:26:13-37
127            android:theme="@android:style/Theme.Translucent.NoTitleBar" />
127-->[com.google.android.gms:play-services-auth:18.1.0] AndroidManifest.xml:27:13-72
128        <!--
129            Service handling Google Sign-In user revocation. For apps that do not integrate with
130            Google Sign-In, this service will never be started.
131        -->
132        <service
132-->[com.google.android.gms:play-services-auth:18.1.0] AndroidManifest.xml:33:9-37:51
133            android:name="com.google.android.gms.auth.api.signin.RevocationBoundService"
133-->[com.google.android.gms:play-services-auth:18.1.0] AndroidManifest.xml:34:13-89
134            android:exported="true"
134-->[com.google.android.gms:play-services-auth:18.1.0] AndroidManifest.xml:35:13-36
135            android:permission="com.google.android.gms.auth.api.signin.permission.REVOCATION_NOTIFICATION"
135-->[com.google.android.gms:play-services-auth:18.1.0] AndroidManifest.xml:36:13-107
136            android:visibleToInstantApps="true" />
136-->[com.google.android.gms:play-services-auth:18.1.0] AndroidManifest.xml:37:13-48
137
138        <provider
138-->[com.google.firebase:firebase-common:19.3.1] AndroidManifest.xml:26:9-31:39
139            android:name="com.google.firebase.provider.FirebaseInitProvider"
139-->[com.google.firebase:firebase-common:19.3.1] AndroidManifest.xml:27:13-77
140            android:authorities="com.csc190.bookbazaar.firebaseinitprovider"
140-->[com.google.firebase:firebase-common:19.3.1] AndroidManifest.xml:28:13-72
141            android:directBootAware="true"
141-->[com.google.firebase:firebase-common:19.3.1] AndroidManifest.xml:29:13-43
142            android:exported="false"
142-->[com.google.firebase:firebase-common:19.3.1] AndroidManifest.xml:30:13-37
143            android:initOrder="100" />
143-->[com.google.firebase:firebase-common:19.3.1] AndroidManifest.xml:31:13-36
144
145        <activity
145-->[com.google.android.gms:play-services-base:17.1.0] AndroidManifest.xml:23:9-26:75
146            android:name="com.google.android.gms.common.api.GoogleApiActivity"
146-->[com.google.android.gms:play-services-base:17.1.0] AndroidManifest.xml:24:13-79
147            android:exported="false"
147-->[com.google.android.gms:play-services-base:17.1.0] AndroidManifest.xml:25:13-37
148            android:theme="@android:style/Theme.Translucent.NoTitleBar" />
148-->[com.google.android.gms:play-services-base:17.1.0] AndroidManifest.xml:26:13-72
149
150        <receiver
150-->[com.google.android.gms:play-services-measurement:18.0.0] AndroidManifest.xml:29:9-33:20
151            android:name="com.google.android.gms.measurement.AppMeasurementReceiver"
151-->[com.google.android.gms:play-services-measurement:18.0.0] AndroidManifest.xml:30:13-85
152            android:enabled="true"
152-->[com.google.android.gms:play-services-measurement:18.0.0] AndroidManifest.xml:31:13-35
153            android:exported="false" >
153-->[com.google.android.gms:play-services-measurement:18.0.0] AndroidManifest.xml:32:13-37
154        </receiver>
155
156        <service
156-->[com.google.android.gms:play-services-measurement:18.0.0] AndroidManifest.xml:35:9-38:40
157            android:name="com.google.android.gms.measurement.AppMeasurementService"
157-->[com.google.android.gms:play-services-measurement:18.0.0] AndroidManifest.xml:36:13-84
158            android:enabled="true"
158-->[com.google.android.gms:play-services-measurement:18.0.0] AndroidManifest.xml:37:13-35
159            android:exported="false" />
159-->[com.google.android.gms:play-services-measurement:18.0.0] AndroidManifest.xml:38:13-37
160        <service
160-->[com.google.android.gms:play-services-measurement:18.0.0] AndroidManifest.xml:39:9-43:72
161            android:name="com.google.android.gms.measurement.AppMeasurementJobService"
161-->[com.google.android.gms:play-services-measurement:18.0.0] AndroidManifest.xml:40:13-87
162            android:enabled="true"
162-->[com.google.android.gms:play-services-measurement:18.0.0] AndroidManifest.xml:41:13-35
163            android:exported="false"
163-->[com.google.android.gms:play-services-measurement:18.0.0] AndroidManifest.xml:42:13-37
164            android:permission="android.permission.BIND_JOB_SERVICE" />
164-->[com.google.android.gms:play-services-measurement:18.0.0] AndroidManifest.xml:43:13-69
165
166        <meta-data
166-->[com.google.android.gms:play-services-basement:17.1.1] AndroidManifest.xml:23:9-25:69
167            android:name="com.google.android.gms.version"
167-->[com.google.android.gms:play-services-basement:17.1.1] AndroidManifest.xml:24:13-58
168            android:value="@integer/google_play_services_version" />
168-->[com.google.android.gms:play-services-basement:17.1.1] AndroidManifest.xml:25:13-66
169    </application>
170
171</manifest>